2012-03-28 17:51:49,461 [   INFO] Forge tools running at version 3.1.5
2012-03-28 17:51:49,462 [  DEBUG] Forge build tools version: 3.1.5
2012-03-28 17:51:49,462 [  DEBUG] main: {"server": "https://trigger.io/api/"}
2012-03-28 17:51:49,463 [  DEBUG] GET https://trigger.io/api/version_check/3/1/5/
2012-03-28 17:51:49,924 [  DEBUG] checking API response for success or error
2012-03-28 17:51:49,924 [   INFO] Update result: you already have the latest tools
2012-03-28 17:51:49,925 [  DEBUG] .template is not a directory: don't have templates
2012-03-28 17:51:49,925 [  DEBUG] GET https://trigger.io/api/auth/loggedin
2012-03-28 17:51:50,388 [  DEBUG] checking API response for success or error
2012-03-28 17:51:50,388 [  DEBUG] already authenticated via cookie - continuing
2012-03-28 17:51:50,388 [  DEBUG] UNCAUGHT EXCEPTION: 
Traceback (most recent call last):
  File "/Users/bpellow/android/forge-tools/forge/main.py", line 86, in decorated_with_handler
    function(*args, **kwargs)
  File "/Users/bpellow/android/forge-tools/forge/main.py", line 328, in development_build
    server_changed, reason = remote.server_says_should_rebuild()
  File "/Users/bpellow/android/forge-tools/forge/remote.py", line 475, in server_says_should_rebuild
    app_config = build_config.load_app()
  File "/Users/bpellow/android/forge-tools/forge/build_config.py", line 50, in load_app
    raise IOError("'identity.json' file is missing")
IOError: 'identity.json' file is missing
2012-03-28 17:51:50,388 [  ERROR] Something went wrong that we didn't expect:
2012-03-28 17:51:50,388 [  ERROR] 'identity.json' file is missing
2012-03-28 17:51:50,388 [  ERROR] See /Users/bpellow/workspace/android/trigger.io/demo2/forge-error.log for more details
2012-03-28 17:51:50,388 [  ERROR] Please contact support@trigger.io
2012-03-28 17:53:35,385 [   INFO] Forge tools running at version 3.1.5
2012-03-28 17:53:35,385 [  DEBUG] Forge build tools version: 3.1.5
2012-03-28 17:53:35,385 [  DEBUG] main: {"server": "https://trigger.io/api/"}
2012-03-28 17:53:35,386 [  DEBUG] GET https://trigger.io/api/version_check/3/1/5/
2012-03-28 17:53:35,935 [  DEBUG] checking API response for success or error
2012-03-28 17:53:35,935 [   INFO] Update result: you already have the latest tools
2012-03-28 17:53:35,936 [  DEBUG] .template is not a directory: don't have templates
2012-03-28 17:53:35,936 [  DEBUG] GET https://trigger.io/api/auth/loggedin
2012-03-28 17:53:36,398 [  DEBUG] checking API response for success or error
2012-03-28 17:53:36,398 [  DEBUG] already authenticated via cookie - continuing
2012-03-28 17:53:36,398 [  DEBUG] UNCAUGHT EXCEPTION: 
Traceback (most recent call last):
  File "/Users/bpellow/android/forge-tools/forge/main.py", line 86, in decorated_with_handler
    function(*args, **kwargs)
  File "/Users/bpellow/android/forge-tools/forge/main.py", line 328, in development_build
    server_changed, reason = remote.server_says_should_rebuild()
  File "/Users/bpellow/android/forge-tools/forge/remote.py", line 475, in server_says_should_rebuild
    app_config = build_config.load_app()
  File "/Users/bpellow/android/forge-tools/forge/build_config.py", line 50, in load_app
    raise IOError("'identity.json' file is missing")
IOError: 'identity.json' file is missing
2012-03-28 17:53:36,398 [  ERROR] Something went wrong that we didn't expect:
2012-03-28 17:53:36,398 [  ERROR] 'identity.json' file is missing
2012-03-28 17:53:36,398 [  ERROR] See /Users/bpellow/workspace/android/trigger.io/demo2/forge-error.log for more details
2012-03-28 17:53:36,398 [  ERROR] Please contact support@trigger.io
2012-03-29 11:35:14,967 [   INFO] Forge tools running at version 3.1.5
2012-03-29 11:35:15,094 [  DEBUG] ignoring non-target directory __init__.py
2012-03-29 11:35:15,094 [  DEBUG] ignoring non-target directory config.json
2012-03-29 11:35:15,094 [  DEBUG] ignoring non-target directory lib
2012-03-29 11:35:15,094 [   INFO] enabled platforms: ['android']
2012-03-29 11:35:15,095 [  DEBUG] Using configuration file value /Users/bpellow/android/android-sdk-macosx for android.sdk
2012-03-29 11:35:15,105 [  DEBUG] Forge build tools version: 3.1.5
2012-03-29 11:35:15,105 [  DEBUG] main: {"server": "https://trigger.io/api/"}
2012-03-29 11:35:15,106 [  DEBUG] GET https://trigger.io/api/auth/loggedin
2012-03-29 11:35:15,590 [  DEBUG] checking API response for success or error
2012-03-29 11:35:15,591 [  DEBUG] already authenticated via cookie - continuing
2012-03-29 11:35:15,591 [  DEBUG] POST https://trigger.io/api/track/
2012-03-29 11:35:22,303 [  DEBUG] checking API response for success or error
2012-03-29 11:35:22,304 [   INFO] <ForgeTask (android)> running...
2012-03-29 11:35:22,304 [   INFO] reading app code from /Users/bpellow/workspace/android/trigger.io/demo2/src
2012-03-29 11:35:22,304 [   INFO] writing new app to /Users/bpellow/workspace/android/trigger.io/demo2/development
2012-03-29 11:35:22,305 [  DEBUG] <ForgeTask (android)> script:
[('all', None, 'lint_javascript', None, None),
 ('all', None, 'check_local_config_schema', None, None),
 ('android',
  None,
  'run_android',
  ('/Users/bpellow/workspace/android/trigger.io/demo2/development',
   u'/Users/bpellow/android/android-sdk-macosx',
   None,
   True,
   None),
  None)]
2012-03-29 11:35:22,305 [  DEBUG] running lint_javascript((), {})
2012-03-29 11:35:22,306 [   INFO] Checking JavaScript files...
2012-03-29 11:35:22,341 [   INFO] JavaScript check complete
2012-03-29 11:35:22,341 [  DEBUG] running check_local_config_schema((), {})
2012-03-29 11:35:22,341 [   INFO] Verifying your configuration settings...
2012-03-29 11:35:22,352 [   INFO] Configuration settings check complete
2012-03-29 11:35:22,352 [  DEBUG] running run_android(('/Users/bpellow/workspace/android/trigger.io/demo2/development', u'/Users/bpellow/android/android-sdk-macosx', None, True, None), {})
2012-03-29 11:35:22,624 [   INFO] Starting ADB if not running
2012-03-29 11:35:22,628 [   INFO] Looking for Android device
2012-03-29 11:35:25,756 [  DEBUG] No devices found, checking again
2012-03-29 11:35:27,794 [  DEBUG] No devices found, checking again
2012-03-29 11:35:29,939 [  ERROR] Communication with adb failed: cannot bind 'tcp:5037'
ADB server didn't ACK
* failed to start daemon *
error: cannot connect to daemon
* daemon not running. starting it now on port 5037 *

2012-03-29 11:35:29,940 [  ERROR]  while running run_android(('/Users/bpellow/workspace/android/trigger.io/demo2/development', u'/Users/bpellow/android/android-sdk-macosx', None, True, None), {})
2012-03-29 11:35:29,940 [  ERROR] 
2012-03-29 14:10:21,405 [   INFO] Forge tools running at version 3.1.5
2012-03-29 14:10:21,555 [  DEBUG] ignoring non-target directory __init__.py
2012-03-29 14:10:21,555 [  DEBUG] ignoring non-target directory config.json
2012-03-29 14:10:21,555 [  DEBUG] ignoring non-target directory lib
2012-03-29 14:10:21,555 [   INFO] enabled platforms: ['android']
2012-03-29 14:10:21,556 [  DEBUG] Using configuration file value /Users/bpellow/android/android-sdk-macosx for android.sdk
2012-03-29 14:10:21,565 [  DEBUG] Forge build tools version: 3.1.5
2012-03-29 14:10:21,565 [  DEBUG] main: {"server": "https://trigger.io/api/"}
2012-03-29 14:10:21,566 [  DEBUG] GET https://trigger.io/api/auth/loggedin
2012-03-29 14:10:22,042 [  DEBUG] checking API response for success or error
2012-03-29 14:10:22,042 [  DEBUG] already authenticated via cookie - continuing
2012-03-29 14:10:22,043 [  DEBUG] POST https://trigger.io/api/track/
2012-03-29 14:10:22,561 [  DEBUG] checking API response for success or error
2012-03-29 14:10:22,561 [   INFO] <ForgeTask (android)> running...
2012-03-29 14:10:22,561 [   INFO] reading app code from /Users/bpellow/workspace/android/trigger.io/demo2/src
2012-03-29 14:10:22,561 [   INFO] writing new app to /Users/bpellow/workspace/android/trigger.io/demo2/development
2012-03-29 14:10:22,562 [  DEBUG] <ForgeTask (android)> script:
[('all', None, 'lint_javascript', None, None),
 ('all', None, 'check_local_config_schema', None, None),
 ('android',
  None,
  'run_android',
  ('/Users/bpellow/workspace/android/trigger.io/demo2/development',
   u'/Users/bpellow/android/android-sdk-macosx',
   None,
   True,
   None),
  None)]
2012-03-29 14:10:22,562 [  DEBUG] running lint_javascript((), {})
2012-03-29 14:10:22,562 [   INFO] Checking JavaScript files...
2012-03-29 14:10:22,596 [   INFO] JavaScript check complete
2012-03-29 14:10:22,596 [  DEBUG] running check_local_config_schema((), {})
2012-03-29 14:10:22,596 [   INFO] Verifying your configuration settings...
2012-03-29 14:10:22,607 [   INFO] Configuration settings check complete
2012-03-29 14:10:22,607 [  DEBUG] running run_android(('/Users/bpellow/workspace/android/trigger.io/demo2/development', u'/Users/bpellow/android/android-sdk-macosx', None, True, None), {})
2012-03-29 14:10:22,716 [   INFO] Starting ADB if not running
2012-03-29 14:10:22,721 [   INFO] Looking for Android device
2012-03-29 14:10:22,756 [   INFO] No android device specified, defaulting to emulator-5554
2012-03-29 14:10:22,756 [   INFO] Creating Android .apk file
2012-03-29 14:10:22,756 [   INFO] Creating APK with aapt
2012-03-29 14:10:22,757 [  DEBUG] Running: /Users/bpellow/android/android-sdk-macosx/platform-tools/aapt p -F app.apk -S res -M AndroidManifest.xml -I /Users/bpellow/workspace/android/trigger.io/demo2/development/android/../../.template/lib/android-platform.apk -A assets -f output
2012-03-29 14:10:22,762 [  DEBUG]     (skipping hidden file 'assets/src/.DS_Store')
2012-03-29 14:10:22,977 [   INFO] Signing APK with a debug key
2012-03-29 14:10:22,978 [  DEBUG] Running: java -jar /Users/bpellow/workspace/android/trigger.io/demo2/development/android/../../.template/lib/apk-signer.jar --keystore /Users/bpellow/workspace/android/trigger.io/demo2/development/android/../../.template/lib/debug.keystore --storepass android --keyalias androiddebugkey --keypass android --out signed-app.apk app.apk
2012-03-29 14:10:23,446 [   INFO] Aligning apk
2012-03-29 14:10:23,446 [  DEBUG] Running: /Users/bpellow/android/android-sdk-macosx/tools/zipalign -v 4 signed-app.apk /var/folders/4k/mq5phj9d685bqcphd784mnx00000gn/T/tmpjFkWzt
2012-03-29 14:10:23,453 [  DEBUG] Verifying alignment of /var/folders/4k/mq5phj9d685bqcphd784mnx00000gn/T/tmpjFkWzt (4)...
2012-03-29 14:10:23,453 [  DEBUG]       53 assets/forge/all.js (OK - compressed)
2012-03-29 14:10:23,453 [  DEBUG]     6668 assets/forge/disable-frames.js (OK)
2012-03-29 14:10:23,454 [  DEBUG]     6747 assets/forge/form.css (OK - compressed)
2012-03-29 14:10:23,454 [  DEBUG]     7351 assets/forge/reset.css (OK - compressed)
2012-03-29 14:10:23,454 [  DEBUG]    10196 assets/src/js/every-page.js (OK)
2012-03-29 14:10:23,454 [  DEBUG]    10320 assets/src/resources/chance_of_rain.gif (OK)
2012-03-29 14:10:23,454 [  DEBUG]    12744 assets/src/resources/chance_of_snow.gif (OK)
2012-03-29 14:10:23,454 [  DEBUG]    15092 assets/src/resources/chance_of_storm.gif (OK)
2012-03-29 14:10:23,454 [  DEBUG]    17576 assets/src/resources/chance_of_tstorm.gif (OK)
2012-03-29 14:10:23,454 [  DEBUG]    20036 assets/src/resources/cloudy.gif (OK)
2012-03-29 14:10:23,454 [  DEBUG]    21420 assets/src/resources/dust.gif (OK)
2012-03-29 14:10:23,454 [  DEBUG]    23720 assets/src/resources/flurries.gif (OK)
2012-03-29 14:10:23,454 [  DEBUG]    24856 assets/src/resources/fog.gif (OK)
2012-03-29 14:10:23,454 [  DEBUG]    25832 assets/src/resources/haze.gif (OK)
2012-03-29 14:10:23,454 [  DEBUG]    26820 assets/src/resources/icy.gif (OK)
2012-03-29 14:10:23,454 [  DEBUG]    28051 assets/src/resources/jquery.min.js (OK - compressed)
2012-03-29 14:10:23,455 [  DEBUG]    60160 assets/src/resources/mist.gif (OK)
2012-03-29 14:10:23,455 [  DEBUG]    61440 assets/src/resources/mostly_cloudy.gif (OK)
2012-03-29 14:10:23,455 [  DEBUG]    62584 assets/src/resources/mostly_sunny.gif (OK)
2012-03-29 14:10:23,455 [  DEBUG]    63748 assets/src/resources/mustache.js (OK - compressed)
2012-03-29 14:10:23,455 [  DEBUG]    66408 assets/src/resources/partly_cloudy.gif (OK)
2012-03-29 14:10:23,455 [  DEBUG]    67572 assets/src/resources/rain.gif (OK)
2012-03-29 14:10:23,455 [  DEBUG]    68844 assets/src/resources/sleet.gif (OK)
2012-03-29 14:10:23,455 [  DEBUG]    70108 assets/src/resources/smoke.gif (OK)
2012-03-29 14:10:23,455 [  DEBUG]    71084 assets/src/resources/snow.gif (OK)
2012-03-29 14:10:23,455 [  DEBUG]    72348 assets/src/resources/storm.gif (OK)
2012-03-29 14:10:23,455 [  DEBUG]    73831 assets/src/resources/style.css (OK - compressed)
2012-03-29 14:10:23,455 [  DEBUG]    74796 assets/src/resources/sun_19.png (OK)
2012-03-29 14:10:23,455 [  DEBUG]    78408 assets/src/resources/sunny.gif (OK)
2012-03-29 14:10:23,455 [  DEBUG]    79632 assets/src/resources/thunderstorm.gif (OK)
2012-03-29 14:10:23,455 [  DEBUG]    81119 assets/src/index.html (OK - compressed)
2012-03-29 14:10:23,456 [  DEBUG]    81711 assets/src/weather.js (OK - compressed)
2012-03-29 14:10:23,456 [  DEBUG]    83369 res/drawable/actionbar_compat_item.xml (OK - compressed)
2012-03-29 14:10:23,456 [  DEBUG]    83743 res/drawable/actionbar_compat_item_focused.xml (OK - compressed)
2012-03-29 14:10:23,456 [  DEBUG]    84029 res/drawable/actionbar_compat_item_pressed.xml (OK - compressed)
2012-03-29 14:10:23,456 [  DEBUG]    84296 res/drawable/splash.png (OK)
2012-03-29 14:10:23,456 [  DEBUG]   103137 res/layout/actionbar_compat.xml (OK - compressed)
2012-03-29 14:10:23,456 [  DEBUG]   103457 res/layout/external_webview.xml (OK - compressed)
2012-03-29 14:10:23,456 [  DEBUG]   104045 res/layout/splashscreen.xml (OK - compressed)
2012-03-29 14:10:23,456 [  DEBUG]   104421 res/raw/keystore.bks (OK - compressed)
2012-03-29 14:10:23,456 [  DEBUG]   201159 AndroidManifest.xml (OK - compressed)
2012-03-29 14:10:23,456 [  DEBUG]   202285 classes.dex (OK - compressed)
2012-03-29 14:10:23,456 [  DEBUG]   234092 resources.arsc (OK)
2012-03-29 14:10:23,456 [  DEBUG]   239980 res/drawable-hdpi/actionbar_shadow.9.png (OK)
2012-03-29 14:10:23,456 [  DEBUG]   240192 res/drawable-hdpi/icon.png (OK)
2012-03-29 14:10:23,457 [  DEBUG]   244216 res/drawable-ldpi/icon.png (OK)
2012-03-29 14:10:23,457 [  DEBUG]   245824 res/drawable-mdpi/actionbar_shadow.9.png (OK)
2012-03-29 14:10:23,457 [  DEBUG]   246028 res/drawable-mdpi/icon.png (OK)
2012-03-29 14:10:23,457 [  DEBUG]   248300 res/drawable-xhdpi/actionbar_shadow.9.png (OK)
2012-03-29 14:10:23,457 [  DEBUG]   248509 META-INF/MANIFEST.MF (OK - compressed)
2012-03-29 14:10:23,457 [  DEBUG]   250117 META-INF/CERT.SF (OK - compressed)
2012-03-29 14:10:23,457 [  DEBUG]   251840 META-INF/CERT.RSA (OK - compressed)
2012-03-29 14:10:23,457 [  DEBUG] Verification succesful
2012-03-29 14:10:23,457 [  DEBUG] removing zipfile and un-aligned APK
2012-03-29 14:10:23,457 [   INFO] Installing apk
2012-03-29 14:11:23,459 [  DEBUG] ADB hung, terminating process
2012-03-29 14:11:23,481 [  ERROR] Communication with adb failed: 2124 KB/s (256867 bytes in 0.118s)

2012-03-29 14:11:23,482 [  ERROR]  while running run_android(('/Users/bpellow/workspace/android/trigger.io/demo2/development', u'/Users/bpellow/android/android-sdk-macosx', None, True, None), {})
2012-03-29 14:11:23,482 [  ERROR] 
